<?xml version="1.0" encoding="UTF-8"?>
<testsuite xmlns:xsi="http://www.w3.org/2001/XMLSchema-instance" xsi:noNamespaceSchemaLocation="https://maven.apache.org/surefire/maven-surefire-plugin/xsd/surefire-test-report.xsd" name="com.itheima.test.UploadFileTest" time="0.019" tests="1" errors="0" skipped="0" failures="0">
  <properties>
    <property name="java.specification.version" value="17"/>
    <property name="sun.cpu.isalist" value="amd64"/>
    <property name="sun.jnu.encoding" value="GBK"/>
    <property name="java.class.path" value="E:\JAVA\mavenProjects\reggie_take_out\target\test-classes;E:\JAVA\mavenProjects\reggie_take_out\target\classes;E:\JAVA\JavaWebTools\apache-maven-3.8.8\mvn_repo\org\springframework\boot\spring-boot-starter\2.4.5\spring-boot-starter-2.4.5.jar;E:\JAVA\JavaWebTools\apache-maven-3.8.8\mvn_repo\org\springframework\boot\spring-boot\2.4.5\spring-boot-2.4.5.jar;E:\JAVA\JavaWebTools\apache-maven-3.8.8\mvn_repo\org\springframework\spring-context\5.3.6\spring-context-5.3.6.jar;E:\JAVA\JavaWebTools\apache-maven-3.8.8\mvn_repo\org\springframework\boot\spring-boot-autoconfigure\2.4.5\spring-boot-autoconfigure-2.4.5.jar;E:\JAVA\JavaWebTools\apache-maven-3.8.8\mvn_repo\org\springframework\boot\spring-boot-starter-logging\2.4.5\spring-boot-starter-logging-2.4.5.jar;E:\JAVA\JavaWebTools\apache-maven-3.8.8\mvn_repo\ch\qos\logback\logback-classic\1.2.3\logback-classic-1.2.3.jar;E:\JAVA\JavaWebTools\apache-maven-3.8.8\mvn_repo\ch\qos\logback\logback-core\1.2.3\logback-core-1.2.3.jar;E:\JAVA\JavaWebTools\apache-maven-3.8.8\mvn_repo\org\apache\logging\log4j\log4j-to-slf4j\2.13.3\log4j-to-slf4j-2.13.3.jar;E:\JAVA\JavaWebTools\apache-maven-3.8.8\mvn_repo\org\apache\logging\log4j\log4j-api\2.13.3\log4j-api-2.13.3.jar;E:\JAVA\JavaWebTools\apache-maven-3.8.8\mvn_repo\org\slf4j\jul-to-slf4j\1.7.30\jul-to-slf4j-1.7.30.jar;E:\JAVA\JavaWebTools\apache-maven-3.8.8\mvn_repo\jakarta\annotation\jakarta.annotation-api\1.3.5\jakarta.annotation-api-1.3.5.jar;E:\JAVA\JavaWebTools\apache-maven-3.8.8\mvn_repo\org\springframework\spring-core\5.3.6\spring-core-5.3.6.jar;E:\JAVA\JavaWebTools\apache-maven-3.8.8\mvn_repo\org\springframework\spring-jcl\5.3.6\spring-jcl-5.3.6.jar;E:\JAVA\JavaWebTools\apache-maven-3.8.8\mvn_repo\org\yaml\snakeyaml\1.27\snakeyaml-1.27.jar;E:\JAVA\JavaWebTools\apache-maven-3.8.8\mvn_repo\org\springframework\boot\spring-boot-starter-test\2.4.5\spring-boot-starter-test-2.4.5.jar;E:\JAVA\JavaWebTools\apache-maven-3.8.8\mvn_repo\org\springframework\boot\spring-boot-test\2.4.5\spring-boot-test-2.4.5.jar;E:\JAVA\JavaWebTools\apache-maven-3.8.8\mvn_repo\org\springframework\boot\spring-boot-test-autoconfigure\2.4.5\spring-boot-test-autoconfigure-2.4.5.jar;E:\JAVA\JavaWebTools\apache-maven-3.8.8\mvn_repo\com\jayway\jsonpath\json-path\2.4.0\json-path-2.4.0.jar;E:\JAVA\JavaWebTools\apache-maven-3.8.8\mvn_repo\net\minidev\json-smart\2.3\json-smart-2.3.jar;E:\JAVA\JavaWebTools\apache-maven-3.8.8\mvn_repo\net\minidev\accessors-smart\1.2\accessors-smart-1.2.jar;E:\JAVA\JavaWebTools\apache-maven-3.8.8\mvn_repo\org\ow2\asm\asm\5.0.4\asm-5.0.4.jar;E:\JAVA\JavaWebTools\apache-maven-3.8.8\mvn_repo\jakarta\xml\bind\jakarta.xml.bind-api\2.3.3\jakarta.xml.bind-api-2.3.3.jar;E:\JAVA\JavaWebTools\apache-maven-3.8.8\mvn_repo\jakarta\activation\jakarta.activation-api\1.2.2\jakarta.activation-api-1.2.2.jar;E:\JAVA\JavaWebTools\apache-maven-3.8.8\mvn_repo\org\assertj\assertj-core\3.18.1\assertj-core-3.18.1.jar;E:\JAVA\JavaWebTools\apache-maven-3.8.8\mvn_repo\org\hamcrest\hamcrest\2.2\hamcrest-2.2.jar;E:\JAVA\JavaWebTools\apache-maven-3.8.8\mvn_repo\org\junit\jupiter\junit-jupiter\5.7.1\junit-jupiter-5.7.1.jar;E:\JAVA\JavaWebTools\apache-maven-3.8.8\mvn_repo\org\junit\jupiter\junit-jupiter-api\5.7.1\junit-jupiter-api-5.7.1.jar;E:\JAVA\JavaWebTools\apache-maven-3.8.8\mvn_repo\org\apiguardian\apiguardian-api\1.1.0\apiguardian-api-1.1.0.jar;E:\JAVA\JavaWebTools\apache-maven-3.8.8\mvn_repo\org\opentest4j\opentest4j\1.2.0\opentest4j-1.2.0.jar;E:\JAVA\JavaWebTools\apache-maven-3.8.8\mvn_repo\org\junit\platform\junit-platform-commons\1.7.1\junit-platform-commons-1.7.1.jar;E:\JAVA\JavaWebTools\apache-maven-3.8.8\mvn_repo\org\junit\jupiter\junit-jupiter-params\5.7.1\junit-jupiter-params-5.7.1.jar;E:\JAVA\JavaWebTools\apache-maven-3.8.8\mvn_repo\org\junit\jupiter\junit-jupiter-engine\5.7.1\junit-jupiter-engine-5.7.1.jar;E:\JAVA\JavaWebTools\apache-maven-3.8.8\mvn_repo\org\junit\platform\junit-platform-engine\1.7.1\junit-platform-engine-1.7.1.jar;E:\JAVA\JavaWebTools\apache-maven-3.8.8\mvn_repo\org\mockito\mockito-core\3.6.28\mockito-core-3.6.28.jar;E:\JAVA\JavaWebTools\apache-maven-3.8.8\mvn_repo\net\bytebuddy\byte-buddy\1.10.22\byte-buddy-1.10.22.jar;E:\JAVA\JavaWebTools\apache-maven-3.8.8\mvn_repo\net\bytebuddy\byte-buddy-agent\1.10.22\byte-buddy-agent-1.10.22.jar;E:\JAVA\JavaWebTools\apache-maven-3.8.8\mvn_repo\org\objenesis\objenesis\3.1\objenesis-3.1.jar;E:\JAVA\JavaWebTools\apache-maven-3.8.8\mvn_repo\org\mockito\mockito-junit-jupiter\3.6.28\mockito-junit-jupiter-3.6.28.jar;E:\JAVA\JavaWebTools\apache-maven-3.8.8\mvn_repo\org\skyscreamer\jsonassert\1.5.0\jsonassert-1.5.0.jar;E:\JAVA\JavaWebTools\apache-maven-3.8.8\mvn_repo\com\vaadin\external\google\android-json\0.0.20131108.vaadin1\android-json-0.0.20131108.vaadin1.jar;E:\JAVA\JavaWebTools\apache-maven-3.8.8\mvn_repo\org\springframework\spring-test\5.3.6\spring-test-5.3.6.jar;E:\JAVA\JavaWebTools\apache-maven-3.8.8\mvn_repo\org\xmlunit\xmlunit-core\2.7.0\xmlunit-core-2.7.0.jar;E:\JAVA\JavaWebTools\apache-maven-3.8.8\mvn_repo\org\springframework\boot\spring-boot-starter-web\2.4.5\spring-boot-starter-web-2.4.5.jar;E:\JAVA\JavaWebTools\apache-maven-3.8.8\mvn_repo\org\springframework\boot\spring-boot-starter-json\2.4.5\spring-boot-starter-json-2.4.5.jar;E:\JAVA\JavaWebTools\apache-maven-3.8.8\mvn_repo\com\fasterxml\jackson\core\jackson-databind\2.11.4\jackson-databind-2.11.4.jar;E:\JAVA\JavaWebTools\apache-maven-3.8.8\mvn_repo\com\fasterxml\jackson\core\jackson-annotations\2.11.4\jackson-annotations-2.11.4.jar;E:\JAVA\JavaWebTools\apache-maven-3.8.8\mvn_repo\com\fasterxml\jackson\core\jackson-core\2.11.4\jackson-core-2.11.4.jar;E:\JAVA\JavaWebTools\apache-maven-3.8.8\mvn_repo\com\fasterxml\jackson\datatype\jackson-datatype-jdk8\2.11.4\jackson-datatype-jdk8-2.11.4.jar;E:\JAVA\JavaWebTools\apache-maven-3.8.8\mvn_repo\com\fasterxml\jackson\datatype\jackson-datatype-jsr310\2.11.4\jackson-datatype-jsr310-2.11.4.jar;E:\JAVA\JavaWebTools\apache-maven-3.8.8\mvn_repo\com\fasterxml\jackson\module\jackson-module-parameter-names\2.11.4\jackson-module-parameter-names-2.11.4.jar;E:\JAVA\JavaWebTools\apache-maven-3.8.8\mvn_repo\org\springframework\boot\spring-boot-starter-tomcat\2.4.5\spring-boot-starter-tomcat-2.4.5.jar;E:\JAVA\JavaWebTools\apache-maven-3.8.8\mvn_repo\org\apache\tomcat\embed\tomcat-embed-core\9.0.45\tomcat-embed-core-9.0.45.jar;E:\JAVA\JavaWebTools\apache-maven-3.8.8\mvn_repo\org\glassfish\jakarta.el\3.0.3\jakarta.el-3.0.3.jar;E:\JAVA\JavaWebTools\apache-maven-3.8.8\mvn_repo\org\apache\tomcat\embed\tomcat-embed-websocket\9.0.45\tomcat-embed-websocket-9.0.45.jar;E:\JAVA\JavaWebTools\apache-maven-3.8.8\mvn_repo\org\springframework\spring-web\5.3.6\spring-web-5.3.6.jar;E:\JAVA\JavaWebTools\apache-maven-3.8.8\mvn_repo\org\springframework\spring-beans\5.3.6\spring-beans-5.3.6.jar;E:\JAVA\JavaWebTools\apache-maven-3.8.8\mvn_repo\org\springframework\spring-webmvc\5.3.6\spring-webmvc-5.3.6.jar;E:\JAVA\JavaWebTools\apache-maven-3.8.8\mvn_repo\org\springframework\spring-aop\5.3.6\spring-aop-5.3.6.jar;E:\JAVA\JavaWebTools\apache-maven-3.8.8\mvn_repo\org\springframework\spring-expression\5.3.6\spring-expression-5.3.6.jar;E:\JAVA\JavaWebTools\apache-maven-3.8.8\mvn_repo\com\baomidou\mybatis-plus-boot-starter\3.4.2\mybatis-plus-boot-starter-3.4.2.jar;E:\JAVA\JavaWebTools\apache-maven-3.8.8\mvn_repo\com\baomidou\mybatis-plus\3.4.2\mybatis-plus-3.4.2.jar;E:\JAVA\JavaWebTools\apache-maven-3.8.8\mvn_repo\com\baomidou\mybatis-plus-extension\3.4.2\mybatis-plus-extension-3.4.2.jar;E:\JAVA\JavaWebTools\apache-maven-3.8.8\mvn_repo\com\baomidou\mybatis-plus-core\3.4.2\mybatis-plus-core-3.4.2.jar;E:\JAVA\JavaWebTools\apache-maven-3.8.8\mvn_repo\com\baomidou\mybatis-plus-annotation\3.4.2\mybatis-plus-annotation-3.4.2.jar;E:\JAVA\JavaWebTools\apache-maven-3.8.8\mvn_repo\com\github\jsqlparser\jsqlparser\4.0\jsqlparser-4.0.jar;E:\JAVA\JavaWebTools\apache-maven-3.8.8\mvn_repo\org\mybatis\mybatis\3.5.6\mybatis-3.5.6.jar;E:\JAVA\JavaWebTools\apache-maven-3.8.8\mvn_repo\org\mybatis\mybatis-spring\2.0.5\mybatis-spring-2.0.5.jar;E:\JAVA\JavaWebTools\apache-maven-3.8.8\mvn_repo\org\springframework\boot\spring-boot-starter-jdbc\2.4.5\spring-boot-starter-jdbc-2.4.5.jar;E:\JAVA\JavaWebTools\apache-maven-3.8.8\mvn_repo\com\zaxxer\HikariCP\3.4.5\HikariCP-3.4.5.jar;E:\JAVA\JavaWebTools\apache-maven-3.8.8\mvn_repo\org\springframework\spring-jdbc\5.3.6\spring-jdbc-5.3.6.jar;E:\JAVA\JavaWebTools\apache-maven-3.8.8\mvn_repo\org\springframework\spring-tx\5.3.6\spring-tx-5.3.6.jar;E:\JAVA\JavaWebTools\apache-maven-3.8.8\mvn_repo\org\projectlombok\lombok\1.18.20\lombok-1.18.20.jar;E:\JAVA\JavaWebTools\apache-maven-3.8.8\mvn_repo\com\alibaba\fastjson\1.2.76\fastjson-1.2.76.jar;E:\JAVA\JavaWebTools\apache-maven-3.8.8\mvn_repo\commons-lang\commons-lang\2.6\commons-lang-2.6.jar;E:\JAVA\JavaWebTools\apache-maven-3.8.8\mvn_repo\mysql\mysql-connector-java\8.0.23\mysql-connector-java-8.0.23.jar;E:\JAVA\JavaWebTools\apache-maven-3.8.8\mvn_repo\com\alibaba\druid-spring-boot-starter\1.1.23\druid-spring-boot-starter-1.1.23.jar;E:\JAVA\JavaWebTools\apache-maven-3.8.8\mvn_repo\com\alibaba\druid\1.1.23\druid-1.1.23.jar;E:\JAVA\JavaWebTools\apache-maven-3.8.8\mvn_repo\org\slf4j\slf4j-api\1.7.30\slf4j-api-1.7.30.jar;E:\JAVA\JavaWebTools\apache-maven-3.8.8\mvn_repo\org\springframework\boot\spring-boot-starter-mail\2.4.5\spring-boot-starter-mail-2.4.5.jar;E:\JAVA\JavaWebTools\apache-maven-3.8.8\mvn_repo\org\springframework\spring-context-support\5.3.6\spring-context-support-5.3.6.jar;E:\JAVA\JavaWebTools\apache-maven-3.8.8\mvn_repo\com\sun\mail\jakarta.mail\1.6.7\jakarta.mail-1.6.7.jar;E:\JAVA\JavaWebTools\apache-maven-3.8.8\mvn_repo\com\sun\activation\jakarta.activation\1.2.2\jakarta.activation-1.2.2.jar;E:\JAVA\JavaWebTools\apache-maven-3.8.8\mvn_repo\org\springframework\boot\spring-boot-starter-thymeleaf\2.4.5\spring-boot-starter-thymeleaf-2.4.5.jar;E:\JAVA\JavaWebTools\apache-maven-3.8.8\mvn_repo\org\thymeleaf\thymeleaf-spring5\3.0.12.RELEASE\thymeleaf-spring5-3.0.12.RELEASE.jar;E:\JAVA\JavaWebTools\apache-maven-3.8.8\mvn_repo\org\thymeleaf\thymeleaf\3.0.12.RELEASE\thymeleaf-3.0.12.RELEASE.jar;E:\JAVA\JavaWebTools\apache-maven-3.8.8\mvn_repo\org\attoparser\attoparser\2.0.5.RELEASE\attoparser-2.0.5.RELEASE.jar;E:\JAVA\JavaWebTools\apache-maven-3.8.8\mvn_repo\org\unbescape\unbescape\1.1.6.RELEASE\unbescape-1.1.6.RELEASE.jar;E:\JAVA\JavaWebTools\apache-maven-3.8.8\mvn_repo\org\thymeleaf\extras\thymeleaf-extras-java8time\3.0.4.RELEASE\thymeleaf-extras-java8time-3.0.4.RELEASE.jar;"/>
    <property name="java.vm.vendor" value="Oracle Corporation"/>
    <property name="sun.arch.data.model" value="64"/>
    <property name="user.variant" value=""/>
    <property name="java.vendor.url" value="https://java.oracle.com/"/>
    <property name="user.timezone" value="Asia/Shanghai"/>
    <property name="os.name" value="Windows 11"/>
    <property name="java.vm.specification.version" value="17"/>
    <property name="sun.java.launcher" value="SUN_STANDARD"/>
    <property name="user.country" value="CN"/>
    <property name="sun.boot.library.path" value="E:\JAVA\JAVA\jdk-17.0.13\bin"/>
    <property name="sun.java.command" value="C:\Users\SKATEB~1\AppData\Local\Temp\surefire5320367415255263642\surefirebooter9458523381627312159.jar C:\Users\skateboardant\AppData\Local\Temp\surefire5320367415255263642 2025-04-15T20-15-32_113-jvmRun1 surefire15532162184164701572tmp surefire_01940991085659408173tmp"/>
    <property name="jdk.debug" value="release"/>
    <property name="surefire.test.class.path" value="E:\JAVA\mavenProjects\reggie_take_out\target\test-classes;E:\JAVA\mavenProjects\reggie_take_out\target\classes;E:\JAVA\JavaWebTools\apache-maven-3.8.8\mvn_repo\org\springframework\boot\spring-boot-starter\2.4.5\spring-boot-starter-2.4.5.jar;E:\JAVA\JavaWebTools\apache-maven-3.8.8\mvn_repo\org\springframework\boot\spring-boot\2.4.5\spring-boot-2.4.5.jar;E:\JAVA\JavaWebTools\apache-maven-3.8.8\mvn_repo\org\springframework\spring-context\5.3.6\spring-context-5.3.6.jar;E:\JAVA\JavaWebTools\apache-maven-3.8.8\mvn_repo\org\springframework\boot\spring-boot-autoconfigure\2.4.5\spring-boot-autoconfigure-2.4.5.jar;E:\JAVA\JavaWebTools\apache-maven-3.8.8\mvn_repo\org\springframework\boot\spring-boot-starter-logging\2.4.5\spring-boot-starter-logging-2.4.5.jar;E:\JAVA\JavaWebTools\apache-maven-3.8.8\mvn_repo\ch\qos\logback\logback-classic\1.2.3\logback-classic-1.2.3.jar;E:\JAVA\JavaWebTools\apache-maven-3.8.8\mvn_repo\ch\qos\logback\logback-core\1.2.3\logback-core-1.2.3.jar;E:\JAVA\JavaWebTools\apache-maven-3.8.8\mvn_repo\org\apache\logging\log4j\log4j-to-slf4j\2.13.3\log4j-to-slf4j-2.13.3.jar;E:\JAVA\JavaWebTools\apache-maven-3.8.8\mvn_repo\org\apache\logging\log4j\log4j-api\2.13.3\log4j-api-2.13.3.jar;E:\JAVA\JavaWebTools\apache-maven-3.8.8\mvn_repo\org\slf4j\jul-to-slf4j\1.7.30\jul-to-slf4j-1.7.30.jar;E:\JAVA\JavaWebTools\apache-maven-3.8.8\mvn_repo\jakarta\annotation\jakarta.annotation-api\1.3.5\jakarta.annotation-api-1.3.5.jar;E:\JAVA\JavaWebTools\apache-maven-3.8.8\mvn_repo\org\springframework\spring-core\5.3.6\spring-core-5.3.6.jar;E:\JAVA\JavaWebTools\apache-maven-3.8.8\mvn_repo\org\springframework\spring-jcl\5.3.6\spring-jcl-5.3.6.jar;E:\JAVA\JavaWebTools\apache-maven-3.8.8\mvn_repo\org\yaml\snakeyaml\1.27\snakeyaml-1.27.jar;E:\JAVA\JavaWebTools\apache-maven-3.8.8\mvn_repo\org\springframework\boot\spring-boot-starter-test\2.4.5\spring-boot-starter-test-2.4.5.jar;E:\JAVA\JavaWebTools\apache-maven-3.8.8\mvn_repo\org\springframework\boot\spring-boot-test\2.4.5\spring-boot-test-2.4.5.jar;E:\JAVA\JavaWebTools\apache-maven-3.8.8\mvn_repo\org\springframework\boot\spring-boot-test-autoconfigure\2.4.5\spring-boot-test-autoconfigure-2.4.5.jar;E:\JAVA\JavaWebTools\apache-maven-3.8.8\mvn_repo\com\jayway\jsonpath\json-path\2.4.0\json-path-2.4.0.jar;E:\JAVA\JavaWebTools\apache-maven-3.8.8\mvn_repo\net\minidev\json-smart\2.3\json-smart-2.3.jar;E:\JAVA\JavaWebTools\apache-maven-3.8.8\mvn_repo\net\minidev\accessors-smart\1.2\accessors-smart-1.2.jar;E:\JAVA\JavaWebTools\apache-maven-3.8.8\mvn_repo\org\ow2\asm\asm\5.0.4\asm-5.0.4.jar;E:\JAVA\JavaWebTools\apache-maven-3.8.8\mvn_repo\jakarta\xml\bind\jakarta.xml.bind-api\2.3.3\jakarta.xml.bind-api-2.3.3.jar;E:\JAVA\JavaWebTools\apache-maven-3.8.8\mvn_repo\jakarta\activation\jakarta.activation-api\1.2.2\jakarta.activation-api-1.2.2.jar;E:\JAVA\JavaWebTools\apache-maven-3.8.8\mvn_repo\org\assertj\assertj-core\3.18.1\assertj-core-3.18.1.jar;E:\JAVA\JavaWebTools\apache-maven-3.8.8\mvn_repo\org\hamcrest\hamcrest\2.2\hamcrest-2.2.jar;E:\JAVA\JavaWebTools\apache-maven-3.8.8\mvn_repo\org\junit\jupiter\junit-jupiter\5.7.1\junit-jupiter-5.7.1.jar;E:\JAVA\JavaWebTools\apache-maven-3.8.8\mvn_repo\org\junit\jupiter\junit-jupiter-api\5.7.1\junit-jupiter-api-5.7.1.jar;E:\JAVA\JavaWebTools\apache-maven-3.8.8\mvn_repo\org\apiguardian\apiguardian-api\1.1.0\apiguardian-api-1.1.0.jar;E:\JAVA\JavaWebTools\apache-maven-3.8.8\mvn_repo\org\opentest4j\opentest4j\1.2.0\opentest4j-1.2.0.jar;E:\JAVA\JavaWebTools\apache-maven-3.8.8\mvn_repo\org\junit\platform\junit-platform-commons\1.7.1\junit-platform-commons-1.7.1.jar;E:\JAVA\JavaWebTools\apache-maven-3.8.8\mvn_repo\org\junit\jupiter\junit-jupiter-params\5.7.1\junit-jupiter-params-5.7.1.jar;E:\JAVA\JavaWebTools\apache-maven-3.8.8\mvn_repo\org\junit\jupiter\junit-jupiter-engine\5.7.1\junit-jupiter-engine-5.7.1.jar;E:\JAVA\JavaWebTools\apache-maven-3.8.8\mvn_repo\org\junit\platform\junit-platform-engine\1.7.1\junit-platform-engine-1.7.1.jar;E:\JAVA\JavaWebTools\apache-maven-3.8.8\mvn_repo\org\mockito\mockito-core\3.6.28\mockito-core-3.6.28.jar;E:\JAVA\JavaWebTools\apache-maven-3.8.8\mvn_repo\net\bytebuddy\byte-buddy\1.10.22\byte-buddy-1.10.22.jar;E:\JAVA\JavaWebTools\apache-maven-3.8.8\mvn_repo\net\bytebuddy\byte-buddy-agent\1.10.22\byte-buddy-agent-1.10.22.jar;E:\JAVA\JavaWebTools\apache-maven-3.8.8\mvn_repo\org\objenesis\objenesis\3.1\objenesis-3.1.jar;E:\JAVA\JavaWebTools\apache-maven-3.8.8\mvn_repo\org\mockito\mockito-junit-jupiter\3.6.28\mockito-junit-jupiter-3.6.28.jar;E:\JAVA\JavaWebTools\apache-maven-3.8.8\mvn_repo\org\skyscreamer\jsonassert\1.5.0\jsonassert-1.5.0.jar;E:\JAVA\JavaWebTools\apache-maven-3.8.8\mvn_repo\com\vaadin\external\google\android-json\0.0.20131108.vaadin1\android-json-0.0.20131108.vaadin1.jar;E:\JAVA\JavaWebTools\apache-maven-3.8.8\mvn_repo\org\springframework\spring-test\5.3.6\spring-test-5.3.6.jar;E:\JAVA\JavaWebTools\apache-maven-3.8.8\mvn_repo\org\xmlunit\xmlunit-core\2.7.0\xmlunit-core-2.7.0.jar;E:\JAVA\JavaWebTools\apache-maven-3.8.8\mvn_repo\org\springframework\boot\spring-boot-starter-web\2.4.5\spring-boot-starter-web-2.4.5.jar;E:\JAVA\JavaWebTools\apache-maven-3.8.8\mvn_repo\org\springframework\boot\spring-boot-starter-json\2.4.5\spring-boot-starter-json-2.4.5.jar;E:\JAVA\JavaWebTools\apache-maven-3.8.8\mvn_repo\com\fasterxml\jackson\core\jackson-databind\2.11.4\jackson-databind-2.11.4.jar;E:\JAVA\JavaWebTools\apache-maven-3.8.8\mvn_repo\com\fasterxml\jackson\core\jackson-annotations\2.11.4\jackson-annotations-2.11.4.jar;E:\JAVA\JavaWebTools\apache-maven-3.8.8\mvn_repo\com\fasterxml\jackson\core\jackson-core\2.11.4\jackson-core-2.11.4.jar;E:\JAVA\JavaWebTools\apache-maven-3.8.8\mvn_repo\com\fasterxml\jackson\datatype\jackson-datatype-jdk8\2.11.4\jackson-datatype-jdk8-2.11.4.jar;E:\JAVA\JavaWebTools\apache-maven-3.8.8\mvn_repo\com\fasterxml\jackson\datatype\jackson-datatype-jsr310\2.11.4\jackson-datatype-jsr310-2.11.4.jar;E:\JAVA\JavaWebTools\apache-maven-3.8.8\mvn_repo\com\fasterxml\jackson\module\jackson-module-parameter-names\2.11.4\jackson-module-parameter-names-2.11.4.jar;E:\JAVA\JavaWebTools\apache-maven-3.8.8\mvn_repo\org\springframework\boot\spring-boot-starter-tomcat\2.4.5\spring-boot-starter-tomcat-2.4.5.jar;E:\JAVA\JavaWebTools\apache-maven-3.8.8\mvn_repo\org\apache\tomcat\embed\tomcat-embed-core\9.0.45\tomcat-embed-core-9.0.45.jar;E:\JAVA\JavaWebTools\apache-maven-3.8.8\mvn_repo\org\glassfish\jakarta.el\3.0.3\jakarta.el-3.0.3.jar;E:\JAVA\JavaWebTools\apache-maven-3.8.8\mvn_repo\org\apache\tomcat\embed\tomcat-embed-websocket\9.0.45\tomcat-embed-websocket-9.0.45.jar;E:\JAVA\JavaWebTools\apache-maven-3.8.8\mvn_repo\org\springframework\spring-web\5.3.6\spring-web-5.3.6.jar;E:\JAVA\JavaWebTools\apache-maven-3.8.8\mvn_repo\org\springframework\spring-beans\5.3.6\spring-beans-5.3.6.jar;E:\JAVA\JavaWebTools\apache-maven-3.8.8\mvn_repo\org\springframework\spring-webmvc\5.3.6\spring-webmvc-5.3.6.jar;E:\JAVA\JavaWebTools\apache-maven-3.8.8\mvn_repo\org\springframework\spring-aop\5.3.6\spring-aop-5.3.6.jar;E:\JAVA\JavaWebTools\apache-maven-3.8.8\mvn_repo\org\springframework\spring-expression\5.3.6\spring-expression-5.3.6.jar;E:\JAVA\JavaWebTools\apache-maven-3.8.8\mvn_repo\com\baomidou\mybatis-plus-boot-starter\3.4.2\mybatis-plus-boot-starter-3.4.2.jar;E:\JAVA\JavaWebTools\apache-maven-3.8.8\mvn_repo\com\baomidou\mybatis-plus\3.4.2\mybatis-plus-3.4.2.jar;E:\JAVA\JavaWebTools\apache-maven-3.8.8\mvn_repo\com\baomidou\mybatis-plus-extension\3.4.2\mybatis-plus-extension-3.4.2.jar;E:\JAVA\JavaWebTools\apache-maven-3.8.8\mvn_repo\com\baomidou\mybatis-plus-core\3.4.2\mybatis-plus-core-3.4.2.jar;E:\JAVA\JavaWebTools\apache-maven-3.8.8\mvn_repo\com\baomidou\mybatis-plus-annotation\3.4.2\mybatis-plus-annotation-3.4.2.jar;E:\JAVA\JavaWebTools\apache-maven-3.8.8\mvn_repo\com\github\jsqlparser\jsqlparser\4.0\jsqlparser-4.0.jar;E:\JAVA\JavaWebTools\apache-maven-3.8.8\mvn_repo\org\mybatis\mybatis\3.5.6\mybatis-3.5.6.jar;E:\JAVA\JavaWebTools\apache-maven-3.8.8\mvn_repo\org\mybatis\mybatis-spring\2.0.5\mybatis-spring-2.0.5.jar;E:\JAVA\JavaWebTools\apache-maven-3.8.8\mvn_repo\org\springframework\boot\spring-boot-starter-jdbc\2.4.5\spring-boot-starter-jdbc-2.4.5.jar;E:\JAVA\JavaWebTools\apache-maven-3.8.8\mvn_repo\com\zaxxer\HikariCP\3.4.5\HikariCP-3.4.5.jar;E:\JAVA\JavaWebTools\apache-maven-3.8.8\mvn_repo\org\springframework\spring-jdbc\5.3.6\spring-jdbc-5.3.6.jar;E:\JAVA\JavaWebTools\apache-maven-3.8.8\mvn_repo\org\springframework\spring-tx\5.3.6\spring-tx-5.3.6.jar;E:\JAVA\JavaWebTools\apache-maven-3.8.8\mvn_repo\org\projectlombok\lombok\1.18.20\lombok-1.18.20.jar;E:\JAVA\JavaWebTools\apache-maven-3.8.8\mvn_repo\com\alibaba\fastjson\1.2.76\fastjson-1.2.76.jar;E:\JAVA\JavaWebTools\apache-maven-3.8.8\mvn_repo\commons-lang\commons-lang\2.6\commons-lang-2.6.jar;E:\JAVA\JavaWebTools\apache-maven-3.8.8\mvn_repo\mysql\mysql-connector-java\8.0.23\mysql-connector-java-8.0.23.jar;E:\JAVA\JavaWebTools\apache-maven-3.8.8\mvn_repo\com\alibaba\druid-spring-boot-starter\1.1.23\druid-spring-boot-starter-1.1.23.jar;E:\JAVA\JavaWebTools\apache-maven-3.8.8\mvn_repo\com\alibaba\druid\1.1.23\druid-1.1.23.jar;E:\JAVA\JavaWebTools\apache-maven-3.8.8\mvn_repo\org\slf4j\slf4j-api\1.7.30\slf4j-api-1.7.30.jar;E:\JAVA\JavaWebTools\apache-maven-3.8.8\mvn_repo\org\springframework\boot\spring-boot-starter-mail\2.4.5\spring-boot-starter-mail-2.4.5.jar;E:\JAVA\JavaWebTools\apache-maven-3.8.8\mvn_repo\org\springframework\spring-context-support\5.3.6\spring-context-support-5.3.6.jar;E:\JAVA\JavaWebTools\apache-maven-3.8.8\mvn_repo\com\sun\mail\jakarta.mail\1.6.7\jakarta.mail-1.6.7.jar;E:\JAVA\JavaWebTools\apache-maven-3.8.8\mvn_repo\com\sun\activation\jakarta.activation\1.2.2\jakarta.activation-1.2.2.jar;E:\JAVA\JavaWebTools\apache-maven-3.8.8\mvn_repo\org\springframework\boot\spring-boot-starter-thymeleaf\2.4.5\spring-boot-starter-thymeleaf-2.4.5.jar;E:\JAVA\JavaWebTools\apache-maven-3.8.8\mvn_repo\org\thymeleaf\thymeleaf-spring5\3.0.12.RELEASE\thymeleaf-spring5-3.0.12.RELEASE.jar;E:\JAVA\JavaWebTools\apache-maven-3.8.8\mvn_repo\org\thymeleaf\thymeleaf\3.0.12.RELEASE\thymeleaf-3.0.12.RELEASE.jar;E:\JAVA\JavaWebTools\apache-maven-3.8.8\mvn_repo\org\attoparser\attoparser\2.0.5.RELEASE\attoparser-2.0.5.RELEASE.jar;E:\JAVA\JavaWebTools\apache-maven-3.8.8\mvn_repo\org\unbescape\unbescape\1.1.6.RELEASE\unbescape-1.1.6.RELEASE.jar;E:\JAVA\JavaWebTools\apache-maven-3.8.8\mvn_repo\org\thymeleaf\extras\thymeleaf-extras-java8time\3.0.4.RELEASE\thymeleaf-extras-java8time-3.0.4.RELEASE.jar;"/>
    <property name="sun.cpu.endian" value="little"/>
    <property name="user.home" value="C:\Users\skateboardant"/>
    <property name="user.language" value="zh"/>
    <property name="java.specification.vendor" value="Oracle Corporation"/>
    <property name="java.version.date" value="2024-10-15"/>
    <property name="java.home" value="E:\JAVA\JAVA\jdk-17.0.13"/>
    <property name="file.separator" value="\"/>
    <property name="basedir" value="E:\JAVA\mavenProjects\reggie_take_out"/>
    <property name="java.vm.compressedOopsMode" value="Zero based"/>
    <property name="line.separator" value="&#10;"/>
    <property name="java.vm.specification.vendor" value="Oracle Corporation"/>
    <property name="java.specification.name" value="Java Platform API Specification"/>
    <property name="surefire.real.class.path" value="C:\Users\SKATEB~1\AppData\Local\Temp\surefire5320367415255263642\surefirebooter9458523381627312159.jar"/>
    <property name="user.script" value=""/>
    <property name="sun.management.compiler" value="HotSpot 64-Bit Tiered Compilers"/>
    <property name="java.runtime.version" value="17.0.13+10-LTS-268"/>
    <property name="user.name" value="skateboardant"/>
    <property name="path.separator" value=";"/>
    <property name="os.version" value="10.0"/>
    <property name="java.runtime.name" value="Java(TM) SE Runtime Environment"/>
    <property name="file.encoding" value="GBK"/>
    <property name="java.vm.name" value="Java HotSpot(TM) 64-Bit Server VM"/>
    <property name="localRepository" value="E:\JAVA\JavaWebTools\apache-maven-3.8.8\mvn_repo"/>
    <property name="java.vendor.url.bug" value="https://bugreport.java.com/bugreport/"/>
    <property name="java.io.tmpdir" value="C:\Users\SKATEB~1\AppData\Local\Temp\"/>
    <property name="idea.version" value="2023.3.8"/>
    <property name="java.version" value="17.0.13"/>
    <property name="user.dir" value="E:\JAVA\mavenProjects\reggie_take_out"/>
    <property name="os.arch" value="amd64"/>
    <property name="java.vm.specification.name" value="Java Virtual Machine Specification"/>
    <property name="sun.os.patch.level" value=""/>
    <property name="native.encoding" value="GBK"/>
    <property name="java.library.path" value="E:\JAVA\JAVA\jdk-17.0.13\bin;C:\WINDOWS\Sun\Java\bin;C:\WINDOWS\system32;C:\WINDOWS;E:\TOOLs\FusionAndWorkStation\bin\;E:\JAVA\JAVA\jdk-17.0.13\bin;C:\WINDOWS\system32;C:\WINDOWS;C:\WINDOWS\System32\Wbem;C:\WINDOWS\System32\WindowsPowerShell\v1.0\;C:\WINDOWS\System32\OpenSSH\;E:\TOOLs;E:\TOOLs\00nodejs\nodejs\node_cache;E:\TOOLs\00nodejs\nodejs\node_global;D:\Windows Kits\10\Windows Performance Toolkit\;E:\GIT\Git;E:\JAVA\JavaWebTools\apache-maven-3.8.8\bin;C:\Users\skateboardant\AppData\Local\Microsoft\WindowsApps;E:\JAVA\Tools\Microsoft VS Code\bin;C:\Users\skateboardant\AppData\Local\Programs\Ollama;F:\Cursor\cursor\resources\app\bin;."/>
    <property name="java.vm.info" value="mixed mode, sharing"/>
    <property name="java.vendor" value="Oracle Corporation"/>
    <property name="java.vm.version" value="17.0.13+10-LTS-268"/>
    <property name="java.specification.maintenance.version" value="1"/>
    <property name="sun.io.unicode.encoding" value="UnicodeLittle"/>
    <property name="maven.repo.local" value="E:\JAVA\JavaWebTools\apache-maven-3.8.8\mvn_repo"/>
    <property name="java.class.version" value="61.0"/>
  </properties>
  <testcase name="test1" classname="com.itheima.test.UploadFileTest" time="0.013"/>
</testsuite>